<?xml version="1.0" encoding="UTF-8"?>
<testng-results skipped="0" failed="0" ignored="0" total="1" passed="1">
  <reporter-output>
  </reporter-output>
  <suite name="Default suite" duration-ms="76130" started-at="2021-07-17T10:09:31 IST" finished-at="2021-07-17T10:10:47 IST">
    <groups>
    </groups>
    <test name="Default test" duration-ms="76130" started-at="2021-07-17T10:09:31 IST" finished-at="2021-07-17T10:10:47 IST">
      <class name="testcases.SwagLabOrderingItem">
        <test-method status="PASS" signature="launchApp()[pri:0, instance:testcases.SwagLabOrderingItem@35a50a4c]" name="launchApp" is-config="true" duration-ms="43201" started-at="2021-07-17T10:09:31 IST" finished-at="2021-07-17T10:10:14 IST">
          <reporter-output>
          </reporter-output>
        </test-method> <!-- launchApp -->
        <test-method status="PASS" signature="runSwagLabApp()[pri:0, instance:testcases.SwagLabOrderingItem@35a50a4c]" name="runSwagLabApp" duration-ms="32872" started-at="2021-07-17T10:10:14 IST" finished-at="2021-07-17T10:10:47 IST">
          <reporter-output>
          </reporter-output>
        </test-method> <!-- runSwagLabApp -->
      </class> <!-- testcases.SwagLabOrderingItem -->
    </test> <!-- Default test -->
  </suite> <!-- Default suite -->
</testng-results>
